  main.cpp
c:\program files (x86)\microsoft visual studio\2017\community\vc\tools\msvc\14.13.26128\include\xmemory0(919): error C2558: class 'CMatrice<double>' : pas de constructeur de copie disponible ou le constructeur de copie est déclaré 'explicit'
  c:\program files (x86)\microsoft visual studio\2017\community\vc\tools\msvc\14.13.26128\include\vector(968): note: voir la référence à l'instanciation de la fonction modèle 'void std::_Default_allocator_traits<_Alloc>::construct<_Ty,const _Ty&>(_Alloc &,_Objty *const ,const _Ty &)' en cours de compilation
          with
          [
              _Alloc=std::allocator<CMatrice<double>>,
              _Ty=CMatrice<double>,
              _Objty=CMatrice<double>
          ]
  c:\program files (x86)\microsoft visual studio\2017\community\vc\tools\msvc\14.13.26128\include\vector(968): note: voir la référence à l'instanciation de la fonction modèle 'void std::_Default_allocator_traits<_Alloc>::construct<_Ty,const _Ty&>(_Alloc &,_Objty *const ,const _Ty &)' en cours de compilation
          with
          [
              _Alloc=std::allocator<CMatrice<double>>,
              _Ty=CMatrice<double>,
              _Objty=CMatrice<double>
          ]
  c:\program files (x86)\microsoft visual studio\2017\community\vc\tools\msvc\14.13.26128\include\vector(991): note: voir la référence à l'instanciation de la fonction modèle 'void std::vector<CMatrice<double>,std::allocator<_Ty>>::emplace_back<const _Ty&>(const _Ty &)' en cours de compilation
          with
          [
              _Ty=CMatrice<double>
          ]
  c:\program files (x86)\microsoft visual studio\2017\community\vc\tools\msvc\14.13.26128\include\vector(990): note: pendant la compilation de la fonction membre '<Inconnu>' (classe <Inconnu>)
  c:\users\gcdu9\documents\polytech\a3\c++\projetmatrice\projetmatrice\matrice\main.cpp(17): note: voir la référence à l'instanciation de la fonction modèle 'void std::vector<CMatrice<double>,std::allocator<_Ty>>::push_back(const _Ty &)' en cours de compilation
          with
          [
              _Ty=CMatrice<double>
          ]
  c:\users\gcdu9\documents\polytech\a3\c++\projetmatrice\projetmatrice\matrice\main.cpp(12): note: voir la référence à l'instanciation de classe modèle 'std::vector<CMatrice<double>,std::allocator<_Ty>>' en cours de compilation
          with
          [
              _Ty=CMatrice<double>
          ]
